[Licensing::Module] Successfully connected to LicensingClient on channel: "LicenseClient-dmitrijegorov" (connect: 0.00s, validation: 0.01s, handshake: 0.18s)
Entitlement-based licensing initiated
[LicensingClient] Licenses updated successfully

LICENSE SYSTEM [2021218 18:27:47] Next license update check is after 2020-01-14T15:11:19


LICENSE SYSTEM [2021218 18:27:47] Current license is already valid and activated. Skipping license activation process (Provided username/password will be ignored).
[Licensing::Module] Serial number assigned to: "F4-8C45-ZAVV-5VA9-SCAX-XXXX"

 COMMAND LINE ARGUMENTS:
/Applications/Unity/Hub/Editor/2020.1.17f1/Unity.app/Contents/MacOS/Unity
-adb2
-batchMode
-noUpm
-name
AssetImportWorker0
-projectPath
/Users/dmitrijegorov/dev/projects/snow-storm/snow-storm-unity
-logFile
Logs/AssetImportWorker0.log
-srvPort
52142
Successfully changed project path to: /Users/dmitrijegorov/dev/projects/snow-storm/snow-storm-unity
/Users/dmitrijegorov/dev/projects/snow-storm/snow-storm-unity
Using Asset Import Pipeline V2.
Refreshing native plugins compatible for Editor in 103.84 ms, found 3 plugins.
Preloading 0 native plugins for Editor in 0.00 ms.
Initialize engine version: 2020.1.17f1 (9957aee8edc2)
[Subsystems] Discovering subsystems at path /Applications/Unity/Hub/Editor/2020.1.17f1/Unity.app/Contents/Resources/UnitySubsystems
[Subsystems] Discovering subsystems at path /Users/dmitrijegorov/dev/projects/snow-storm/snow-storm-unity/Assets
GfxDevice: creating device client; threaded=0
2021-02-18 18:27:47.668 Unity[16722:272185] Color LCD preferred device: NVIDIA GeForce GT 750M (high power)
2021-02-18 18:27:47.668 Unity[16722:272185] Metal devices available: 2
2021-02-18 18:27:47.668 Unity[16722:272185] 0: NVIDIA GeForce GT 750M (high power)
2021-02-18 18:27:47.668 Unity[16722:272185] 1: Intel Iris Pro Graphics (low power)
2021-02-18 18:27:47.669 Unity[16722:272185] Using device NVIDIA GeForce GT 750M (high power)
Initializing Metal device caps: NVIDIA GeForce GT 750M
Shader 'Universal Render Pipeline/Particles/Lit': fallback shader 'Universal Render Pipeline/Particles/SimpleLit' not found
Initialize mono
Mono path[0] = '/Applications/Unity/Hub/Editor/2020.1.17f1/Unity.app/Contents/Managed'
Mono path[1] = '/Applications/Unity/Hub/Editor/2020.1.17f1/Unity.app/Contents/MonoBleedingEdge/lib/mono/unityjit'
Mono config path = '/Applications/Unity/Hub/Editor/2020.1.17f1/Unity.app/Contents/MonoBleedingEdge/etc'
Using monoOptions --debugger-agent=transport=dt_socket,embedding=1,server=y,suspend=n,address=127.0.0.1:56722
Begin MonoManager ReloadAssembly
Registering precompiled unity dll's ...
Register platform support module: /Applications/Unity/Hub/Editor/2020.1.17f1/Unity.app/Contents/PlaybackEngines/MacStandaloneSupport/UnityEditor.OSXStandalone.Extensions.dll
Register platform support module: /Applications/Unity/Hub/Editor/2020.1.17f1/PlaybackEngines/iOSSupport/UnityEditor.iOS.Extensions.dll
Registered in 0.014103 seconds.
[usbmuxd] Start listen thread
[usbmuxd] Listen thread started
[usbmuxd] Send listen message
Native extension for iOS target not found
Native extension for OSXStandalone target not found
Refreshing native plugins compatible for Editor in 79.63 ms, found 3 plugins.
Preloading 0 native plugins for Editor in 0.00 ms.
Mono: successfully reloaded assembly
- Completed reload, in  1.595 seconds
Registering precompiled user dll's ...
Registered in 0.182985 seconds.
Platform modules already initialized, skipping
Begin MonoManager ReloadAssembly
Native extension for iOS target not found
Native extension for OSXStandalone target not found
Refreshing native plugins compatible for Editor in 93.01 ms, found 3 plugins.
Preloading 0 native plugins for Editor in 0.00 ms.
TypeManager.Initialize took: 263ms
Mono: successfully reloaded assembly
- Completed reload, in  2.919 seconds
Platform modules already initialized, skipping
========================================================================
Worker process is ready to serve import requests
Refreshing native plugins compatible for Editor in 0.79 ms, found 3 plugins.
Preloading 0 native plugins for Editor in 0.00 ms.
Unloading 4689 Unused Serialized files (Serialized files now loaded: 0)
System memory in use before: 450.7 MB.
System memory in use after: 451.0 MB.

Unloading 36 unused Assets to reduce memory usage. Loaded Objects now: 5079.
Total: 6.386300 ms (FindLiveObjects: 0.832795 ms CreateObjectMapping: 0.269966 ms MarkObjects: 5.186786 ms  DeleteObjects: 0.095161 ms)

========================================================================
Received Import Request.
  path: Assets/SceneDependencyCache/830f59a6c2f07eb0d5a091d977da72c2.sceneWithBuildSettings
  artifactKey: Guid(830f59a6c2f07eb0d5a091d977da72c2) Importer(2089858483,52bed625d08a7023a15481c3fbd73797)
Start importing Assets/SceneDependencyCache/830f59a6c2f07eb0d5a091d977da72c2.sceneWithBuildSettings using Guid(830f59a6c2f07eb0d5a091d977da72c2) Importer(2089858483,52bed625d08a7023a15481c3fbd73797) Opening scene 'Assets/Scenes/Tiny3D.unity additively'
Loaded scene 'Assets/Scenes/Tiny3D.unity'
	Deserialize:            3.544 ms
	Integration:            16.127 ms
	Integration of assets:  0.004 ms
	Thread Wait Time:       18.826 ms
	Total Operation Time:   38.501 ms
Launching external process: /Applications/Unity/Hub/Editor/2020.1.17f1/Unity.app/Contents/Tools/UnityShaderCompiler
Launched and connected shader compiler UnityShaderCompiler after 0.05 seconds
Fallback handler could not load library /Applications/Unity/Hub/Editor/2020.1.17f1/Unity.app/Contents/Frameworks/Mono/lib/libPackages/com.unity.entities/Unity.Core.Editor/Compression/lz4-1.9.1/liblz4.dylib
Fallback handler could not load library /Applications/Unity/Hub/Editor/2020.1.17f1/Unity.app/Contents/Frameworks/Mono/lib/libPackages/com.unity.entities/Unity.Core.Editor/Compression/lz4-1.9.1/liblz4.dylib
Fallback handler could not load library /Applications/Unity/Hub/Editor/2020.1.17f1/Unity.app/Contents/Frameworks/Mono/lib/libPackages/com.unity.entities/Unity.Core.Editor/Compression/lz4-1.9.1/liblz4.dylib.so
Fallback handler could not load library /Applications/Unity/Hub/Editor/2020.1.17f1/Unity.app/Contents/Frameworks/Mono/lib/libPackages/com.unity.entities/Unity.Core.Editor/Compression/lz4-1.9.1/liblz4.dylib.bundle
Fallback handler could not load library /Applications/Unity/Hub/Editor/2020.1.17f1/Unity.app/Contents/Frameworks/Mono/lib/libPackages/com.unity.entities/Unity.Core.Editor/Compression/lz4-1.9.1/liblz4.dylib
Fallback handler could not load library /Applications/Unity/Hub/Editor/2020.1.17f1/Unity.app/Contents/Frameworks/Mono/lib/libPackages/com.unity.entities/Unity.Core.Editor/Compression/lz4-1.9.1/liblz4.dylib
Fallback handler could not load library /Applications/Unity/Hub/Editor/2020.1.17f1/Unity.app/Contents/Frameworks/Mono/lib/libPackages/com.unity.entities/Unity.Core.Editor/Compression/lz4-1.9.1/liblz4.dylib.so
Fallback handler could not load library /Applications/Unity/Hub/Editor/2020.1.17f1/Unity.app/Contents/Frameworks/Mono/lib/libPackages/com.unity.entities/Unity.Core.Editor/Compression/lz4-1.9.1/liblz4.dylib.bundle
Import of asset 'Assets/SceneDependencyCache/830f59a6c2f07eb0d5a091d977da72c2.sceneWithBuildSettings' setup artifact dependency to 'Packages/com.unity.burst/Runtime/Unity.Burst.asmdef' but dependency isn't used and therefore not registered in the asset database. 
(Filename: ./Modules/AssetDatabase/Editor/V2/AssetVersionBuilder.cpp Line: 430)

Import of asset 'Assets/SceneDependencyCache/830f59a6c2f07eb0d5a091d977da72c2.sceneWithBuildSettings' setup artifact dependency to 'Packages/com.unity.jobs/Unity.Jobs/Unity.Jobs.asmdef' but dependency isn't used and therefore not registered in the asset database. 
(Filename: ./Modules/AssetDatabase/Editor/V2/AssetVersionBuilder.cpp Line: 430)

Import of asset 'Assets/SceneDependencyCache/830f59a6c2f07eb0d5a091d977da72c2.sceneWithBuildSettings' setup artifact dependency to 'Packages/com.unity.dots.runtime/Unity.Entities.Runtime/Unity.Entities.Runtime.asmdef' but dependency isn't used and therefore not registered in the asset database. 
(Filename: ./Modules/AssetDatabase/Editor/V2/AssetVersionBuilder.cpp Line: 430)

Import of asset 'Assets/SceneDependencyCache/830f59a6c2f07eb0d5a091d977da72c2.sceneWithBuildSettings' setup artifact dependency to 'Packages/com.unity.collections/Unity.Collections/Unity.Collections.asmdef' but dependency isn't used and therefore not registered in the asset database. 
(Filename: ./Modules/AssetDatabase/Editor/V2/AssetVersionBuilder.cpp Line: 430)

Import of asset 'Assets/SceneDependencyCache/830f59a6c2f07eb0d5a091d977da72c2.sceneWithBuildSettings' setup artifact dependency to 'Packages/com.unity.dots.runtime/Unity.Tiny.Thread.Native/Unity.Tiny.Thread.Native.asmdef' but dependency isn't used and therefore not registered in the asset database. 
(Filename: ./Modules/AssetDatabase/Editor/V2/AssetVersionBuilder.cpp Line: 430)

Import of asset 'Assets/SceneDependencyCache/830f59a6c2f07eb0d5a091d977da72c2.sceneWithBuildSettings' setup artifact dependency to 'Packages/com.unity.tiny/Unity.Tiny.Core/Unity.Tiny.Core.asmdef' but dependency isn't used and therefore not registered in the asset database. 
(Filename: ./Modules/AssetDatabase/Editor/V2/AssetVersionBuilder.cpp Line: 430)

Import of asset 'Assets/SceneDependencyCache/830f59a6c2f07eb0d5a091d977da72c2.sceneWithBuildSettings' setup artifact dependency to 'Packages/com.unity.properties/Runtime/Unity.Properties/Unity.Properties.asmdef' but dependency isn't used and therefore not registered in the asset database. 
(Filename: ./Modules/AssetDatabase/Editor/V2/AssetVersionBuilder.cpp Line: 430)

Import of asset 'Assets/SceneDependencyCache/830f59a6c2f07eb0d5a091d977da72c2.sceneWithBuildSettings' setup artifact dependency to 'Packages/com.unity.entities/Unity.Scenes/Unity.Scenes.asmdef' but dependency isn't used and therefore not registered in the asset database. 
(Filename: ./Modules/AssetDatabase/Editor/V2/AssetVersionBuilder.cpp Line: 430)

Import of asset 'Assets/SceneDependencyCache/830f59a6c2f07eb0d5a091d977da72c2.sceneWithBuildSettings' setup artifact dependency to 'Packages/com.unity.dots.runtime/Unity.Tiny.IO/Unity.Tiny.IO.asmdef' but dependency isn't used and therefore not registered in the asset database. 
(Filename: ./Modules/AssetDatabase/Editor/V2/AssetVersionBuilder.cpp Line: 430)

Import of asset 'Assets/SceneDependencyCache/830f59a6c2f07eb0d5a091d977da72c2.sceneWithBuildSettings' setup artifact dependency to 'Packages/com.unity.tiny/Unity.Tiny.Rendering/Unity.Tiny.Rendering.asmdef' but dependency isn't used and therefore not registered in the asset database. 
(Filename: ./Modules/AssetDatabase/Editor/V2/AssetVersionBuilder.cpp Line: 430)

Import of asset 'Assets/SceneDependencyCache/830f59a6c2f07eb0d5a091d977da72c2.sceneWithBuildSettings' setup artifact dependency to 'Packages/com.unity.tiny/Unity.Tiny.Input/Unity.Tiny.Input.asmdef' but dependency isn't used and therefore not registered in the asset database. 
(Filename: ./Modules/AssetDatabase/Editor/V2/AssetVersionBuilder.cpp Line: 430)

Import of asset 'Assets/SceneDependencyCache/830f59a6c2f07eb0d5a091d977da72c2.sceneWithBuildSettings' setup artifact dependency to 'Packages/com.unity.entities/Unity.Mathematics.Extensions/Unity.Mathematics.Extensions.asmdef' but dependency isn't used and therefore not registered in the asset database. 
(Filename: ./Modules/AssetDatabase/Editor/V2/AssetVersionBuilder.cpp Line: 430)

Import of asset 'Assets/SceneDependencyCache/830f59a6c2f07eb0d5a091d977da72c2.sceneWithBuildSettings' setup artifact dependency to 'Packages/com.unity.tiny.desktop/Runtime/Unity.Tiny.GLFW/Unity.Tiny.GLFW.asmdef' but dependency isn't used and therefore not registered in the asset database. 
(Filename: ./Modules/AssetDatabase/Editor/V2/AssetVersionBuilder.cpp Line: 430)

Import of asset 'Assets/SceneDependencyCache/830f59a6c2f07eb0d5a091d977da72c2.sceneWithBuildSettings' setup artifact dependency to 'Packages/com.unity.tiny/Unity.Tiny.Image2D/Unity.Tiny.Image2D.asmdef' but dependency isn't used and therefore not registered in the asset database. 
(Filename: ./Modules/AssetDatabase/Editor/V2/AssetVersionBuilder.cpp Line: 430)

Import of asset 'Assets/SceneDependencyCache/830f59a6c2f07eb0d5a091d977da72c2.sceneWithBuildSettings' setup artifact dependency to 'Packages/com.unity.properties/Runtime/Unity.Properties.Reflection/Unity.Properties.Reflection.asmdef' but dependency isn't used and therefore not registered in the asset database. 
(Filename: ./Modules/AssetDatabase/Editor/V2/AssetVersionBuilder.cpp Line: 430)

Import of asset 'Assets/SceneDependencyCache/830f59a6c2f07eb0d5a091d977da72c2.sceneWithBuildSettings' setup artifact dependency to 'Packages/com.unity.serialization/Runtime/Unity.Serialization/Unity.Serialization.asmdef' but dependency isn't used and therefore not registered in the asset database. 
(Filename: ./Modules/AssetDatabase/Editor/V2/AssetVersionBuilder.cpp Line: 430)

Import of asset 'Assets/SceneDependencyCache/830f59a6c2f07eb0d5a091d977da72c2.sceneWithBuildSettings' setup artifact dependency to 'Packages/com.unity.tiny/Unity.Tiny.RendererExtras/Unity.Tiny.RendererExtras.asmdef' but dependency isn't used and therefore not registered in the asset database. 
(Filename: ./Modules/AssetDatabase/Editor/V2/AssetVersionBuilder.cpp Line: 430)

Import of asset 'Assets/SceneDependencyCache/830f59a6c2f07eb0d5a091d977da72c2.sceneWithBuildSettings' setup artifact dependency to 'Packages/com.unity.mathematics/Unity.Mathematics/Unity.Mathematics.asmdef' but dependency isn't used and therefore not registered in the asset database. 
(Filename: ./Modules/AssetDatabase/Editor/V2/AssetVersionBuilder.cpp Line: 430)

Import of asset 'Assets/SceneDependencyCache/830f59a6c2f07eb0d5a091d977da72c2.sceneWithBuildSettings' setup artifact dependency to 'Packages/com.unity.tiny/Unity.Tiny.Rendering.Native/Unity.Tiny.Rendering.Native.asmdef' but dependency isn't used and therefore not registered in the asset database. 
(Filename: ./Modules/AssetDatabase/Editor/V2/AssetVersionBuilder.cpp Line: 430)

Import of asset 'Assets/SceneDependencyCache/830f59a6c2f07eb0d5a091d977da72c2.sceneWithBuildSettings' setup artifact dependency to 'Packages/com.unity.entities/Unity.Entities/Unity.Entities.asmdef' but dependency isn't used and therefore not registered in the asset database. 
(Filename: ./Modules/AssetDatabase/Editor/V2/AssetVersionBuilder.cpp Line: 430)

Import of asset 'Assets/SceneDependencyCache/830f59a6c2f07eb0d5a091d977da72c2.sceneWithBuildSettings' setup artifact dependency to 'Packages/com.unity.entities/Unity.Transforms/Unity.Transforms.asmdef' but dependency isn't used and therefore not registered in the asset database. 
(Filename: ./Modules/AssetDatabase/Editor/V2/AssetVersionBuilder.cpp Line: 430)

Import of asset 'Assets/SceneDependencyCache/830f59a6c2f07eb0d5a091d977da72c2.sceneWithBuildSettings' setup artifact dependency to 'Packages/com.unity.platforms/Runtime/Unity.Platforms.Common/Unity.Platforms.Common.asmdef' but dependency isn't used and therefore not registered in the asset database. 
(Filename: ./Modules/AssetDatabase/Editor/V2/AssetVersionBuilder.cpp Line: 430)

Import of asset 'Assets/SceneDependencyCache/830f59a6c2f07eb0d5a091d977da72c2.sceneWithBuildSettings' setup artifact dependency to 'Packages/com.unity.tiny/Unity.Tiny.Image2D.Native/Unity.Tiny.Image2D.Native.asmdef' but dependency isn't used and therefore not registered in the asset database. 
(Filename: ./Modules/AssetDatabase/Editor/V2/AssetVersionBuilder.cpp Line: 430)

 -> (target hash: '93a0e171540b74683a1bc93b3b523da0') in 2.195372 seconds
  Import took 2.213404 seconds .

AssetImportWorkerClient::OnTransportError - code=2 error=End of file
