Base path: '/Applications/Unity/Hub/Editor/2020.1.17f1/Unity.app/Contents', plugins path ''
Cmd: initializeCompiler
Cmd: compileSnippet
  api=4 type=0 insize=492 outsize=1730 kw= pd= dkw= ok=1
Cmd: compileSnippet
  api=4 type=1 insize=492 outsize=422 kw= pd= dkw= ok=1
Cmd: compileSnippet
  api=15 type=0 insize=492 outsize=4012 kw= pd= dkw= ok=1
Cmd: compileSnippet
  api=4 type=0 insize=765 outsize=4414 kw= pd= dkw= ok=1
Cmd: compileSnippet
  api=4 type=1 insize=765 outsize=422 kw= pd= dkw= ok=1
Cmd: compileSnippet
  api=15 type=0 insize=765 outsize=9022 kw= pd= dkw= ok=1
Cmd: compileSnippet
  api=4 type=0 insize=657 outsize=3946 kw= pd= dkw= ok=1
Cmd: compileSnippet
  api=4 type=1 insize=657 outsize=14254 kw= pd= dkw= ok=1
Cmd: compileSnippet
  api=15 type=0 insize=657 outsize=35555 kw= pd= dkw= ok=1
Cmd: compileSnippet
  api=4 type=0 insize=1005 outsize=6818 kw= pd= dkw= ok=1
Cmd: compileSnippet
  api=4 type=1 insize=1005 outsize=14254 kw= pd= dkw= ok=1
Cmd: compileSnippet
  api=15 type=0 insize=1005 outsize=40848 kw= pd= dkw= ok=1
Cmd: compileSnippet
  api=4 type=0 insize=718 outsize=454 kw= pd= dkw= ok=1
Cmd: compileSnippet
  api=4 type=1 insize=718 outsize=378 kw= pd= dkw= ok=1
Cmd: compileSnippet
  api=15 type=0 insize=718 outsize=885 kw= pd= dkw= ok=1
Cmd: compileSnippet
  api=4 type=0 insize=1814 outsize=790 kw= pd= dkw= ok=1
Cmd: compileSnippet
  api=4 type=1 insize=1814 outsize=1746 kw= pd= dkw= ok=1
Cmd: compileSnippet
  api=15 type=0 insize=1814 outsize=5686 kw= pd= dkw= ok=1
Cmd: compileSnippet
  api=4 type=0 insize=660 outsize=1398 kw= pd= dkw= ok=1
Cmd: compileSnippet
  api=4 type=1 insize=660 outsize=190 kw= pd= dkw= ok=1
Cmd: compileSnippet
  api=15 type=0 insize=660 outsize=3837 kw= pd= dkw= ok=1
Cmd: compileSnippet
  api=4 type=0 insize=991 outsize=4134 kw= pd= dkw= ok=1
Cmd: compileSnippet
  api=4 type=1 insize=991 outsize=190 kw= pd= dkw= ok=1
Cmd: compileSnippet
  api=15 type=0 insize=991 outsize=8917 kw= pd= dkw= ok=1

Quitting shader compiler process
