Base path: '/Applications/Unity/Hub/Editor/2020.1.17f1/Unity.app/Contents', plugins path ''
Cmd: initializeCompiler
Cmd: compileSnippet
  api=14 type=0 insize=492 outsize=3484 kw= pd= dkw= ok=1
Cmd: compileSnippet
  api=14 type=1 insize=492 outsize=977 kw= pd= dkw= ok=1
Cmd: compileSnippet
  api=15 type=0 insize=492 outsize=4012 kw= pd= dkw= ok=1
Cmd: compileSnippet
  api=14 type=0 insize=765 outsize=9036 kw= pd= dkw= ok=1
Cmd: compileSnippet
  api=14 type=1 insize=765 outsize=977 kw= pd= dkw= ok=1
Cmd: compileSnippet
  api=15 type=0 insize=765 outsize=9022 kw= pd= dkw= ok=1
Cmd: compileSnippet
  api=14 type=0 insize=657 outsize=8959 kw= pd= dkw= ok=1
Cmd: compileSnippet
  api=14 type=1 insize=657 outsize=29731 kw= pd= dkw= ok=1
Cmd: compileSnippet
  api=15 type=0 insize=657 outsize=35555 kw= pd= dkw= ok=1
Cmd: compileSnippet
  api=14 type=0 insize=1005 outsize=14806 kw= pd= dkw= ok=1
Cmd: compileSnippet
  api=14 type=1 insize=1005 outsize=29731 kw= pd= dkw= ok=1
Cmd: compileSnippet
  api=15 type=0 insize=1005 outsize=40848 kw= pd= dkw= ok=1
Cmd: compileSnippet
  api=14 type=0 insize=718 outsize=774 kw= pd= dkw= ok=1
Cmd: compileSnippet
  api=14 type=1 insize=718 outsize=811 kw= pd= dkw= ok=1
Cmd: compileSnippet
  api=15 type=0 insize=718 outsize=885 kw= pd= dkw= ok=1
Cmd: compileSnippet
  api=14 type=0 insize=1814 outsize=1648 kw= pd= dkw= ok=1
Cmd: compileSnippet
  api=14 type=1 insize=1814 outsize=4310 kw= pd= dkw= ok=1
Cmd: compileSnippet
  api=15 type=0 insize=1814 outsize=5686 kw= pd= dkw= ok=1
Cmd: compileSnippet
  api=14 type=0 insize=660 outsize=3467 kw= pd= dkw= ok=1
Cmd: compileSnippet
  api=14 type=1 insize=660 outsize=638 kw= pd= dkw= ok=1
Cmd: compileSnippet
  api=15 type=0 insize=660 outsize=3837 kw= pd= dkw= ok=1
Cmd: compileSnippet
  api=14 type=0 insize=991 outsize=9098 kw= pd= dkw= ok=1
Cmd: compileSnippet
  api=14 type=1 insize=991 outsize=638 kw= pd= dkw= ok=1
Cmd: compileSnippet
  api=15 type=0 insize=991 outsize=8917 kw= pd= dkw= ok=1

Quitting shader compiler process
